<?xml version="1.0" encoding="UTF-8"?>
<!-- Generated by org.testng.reporters.JUnitReportReporter -->
<testsuite hostname="e7440-heather.imm.corp" name="straighttalkcatalog.Straight_Talk" tests="1" failures="0" timestamp="8 Nov 2016 17:43:37 GMT" time="1926.762" errors="0">
  <testcase name="f" time="1926.762" classname="straighttalkcatalog.Straight_Talk"/>
</testsuite> <!-- straighttalkcatalog.Straight_Talk -->
