<?xml version="1.0" encoding="UTF-8"?>
<!-- Generated by org.testng.reporters.JUnitReportReporter -->
<testsuite hostname="e7440-heather.imm.corp" name="straighttalkcatalog.StraightTalk_Catalog" tests="1" failures="0" timestamp="2 Nov 2016 18:00:24 GMT" time="198.287" errors="0">
  <testcase name="main" time="198.287" classname="straighttalkcatalog.StraightTalk_Catalog"/>
</testsuite> <!-- straighttalkcatalog.StraightTalk_Catalog -->
